#
# A fatal error has been detected by the Java Runtime Environment:
#
#  Internal Error (generateOopMap.cpp:2162), pid=6372, tid=6400
#  fatal error: Illegal class file encountered. Try running with -Xverify:all in method pieceAttackTables
#
# JRE version: Java(TM) SE Runtime Environment (10.0.2+13) (build 10.0.2+13)
# Java VM: Java HotSpot(TM) 64-Bit Server VM (10.0.2+13, mixed mode, tiered, compressed oops, g1 gc, linux-amd64)
# Core dump will be written. Default location: Core dumps may be processed with "/usr/share/apport/apport %p %s %c %d %P" (or dumping to /home/louis/IdeaProjects/chessPlusPlus/core.6372)
#
# If you would like to submit a bug report, please visit:
#   http://bugreport.java.com/bugreport/crash.jsp
#

---------------  S U M M A R Y ------------

Command Line: -agentlib:jdwp=transport=dt_socket,address=127.0.0.1:44979,suspend=y,server=n -javaagent:/home/louis/idea-IU-182.4129.33/lib/rt/debugger-agent.jar=file:/tmp/capture.props -Dfile.encoding=UTF-8 chess.Main

Host: Intel(R) Core(TM) i5-6200U CPU @ 2.30GHz, 4 cores, 7G, Linux Mint 18.3 Sylvia
Time: Sun Sep 23 16:15:59 2018 CEST elapsed time: 64 seconds (0d 0h 1m 4s)

---------------  T H R E A D  ---------------

Current thread (0x00007f1f78156000):  VMThread "VM Thread" [stack: 0x00007f1f4c3af000,0x00007f1f4c4af000] [id=6400]

Stack: [0x00007f1f4c3af000,0x00007f1f4c4af000],  sp=0x00007f1f4c4acdc0,  free space=1015k
Native frames: (J=compiled Java code, A=aot compiled Java code, j=interpreted, Vv=VM code, C=native code)
V  [libjvm.so+0xdf5452]  VMError::report_and_die(int, char const*, char const*, __va_list_tag*, Thread*, unsigned char*, void*, void*, char const*, int, unsigned long)+0x162
V  [libjvm.so+0xdf60bf]  VMError::report_and_die(Thread*, char const*, int, char const*, char const*, __va_list_tag*)+0x2f
V  [libjvm.so+0x6a7b33]  report_fatal(char const*, int, char const*, ...)+0xe3
V  [libjvm.so+0x81355b]  GenerateOopMap::error_work(char const*, __va_list_tag*)+0xab
V  [libjvm.so+0x81362b]  GenerateOopMap::report_error(char const*, ...) [clone .constprop.84]+0x8b
V  [libjvm.so+0x815993]  GenerateOopMap::ppload(CellTypeState*, int)+0xe3
V  [libjvm.so+0x815d7e]  GenerateOopMap::interp1(BytecodeStream*)+0x2ee
V  [libjvm.so+0x818274]  GenerateOopMap::interp_bb(BasicBlock*)+0x144
V  [libjvm.so+0x81a5bf]  GenerateOopMap::do_interpretation()+0x9f
V  [libjvm.so+0x81a99b]  GenerateOopMap::compute_map(Thread*)+0x26b
V  [libjvm.so+0xbef407]  OopMapForCacheEntry::compute_map(Thread*)+0x67
V  [libjvm.so+0xbf01ce]  OopMapCacheEntry::fill(methodHandle const&, int)+0x10e
V  [libjvm.so+0xbf0b55]  OopMapCache::compute_one_oop_map(methodHandle const&, int, InterpreterOopMap*)+0xf5
V  [libjvm.so+0xb89138]  Method::mask_for(int, InterpreterOopMap*)+0x78
V  [libjvm.so+0xa2ca1d]  VM_GetOrSetLocal::doit()+0x4d
V  [libjvm.so+0xe06c1a]  VM_Operation::evaluate()+0x19a
V  [libjvm.so+0xe043d5]  VMThread::evaluate_operation(VM_Operation*)+0xc5
V  [libjvm.so+0xe04a8f]  VMThread::loop()+0x27f
V  [libjvm.so+0xe050f2]  VMThread::run()+0x72
V  [libjvm.so+0xc05392]  thread_native_entry(Thread*)+0xf2

VM_Operation (0x00007f1f17af6a00): GetOrSetLocal, mode: safepoint, requested by thread 0x00007f1f78222800


---------------  P R O C E S S  ---------------

Threads class SMR info:
_java_thread_list=0x00007f1f782a4f20, length=13, elements={
0x00007f1f78015000, 0x00007f1f7815f800, 0x00007f1f78161800, 0x00007f1f78172800,
0x00007f1f78174800, 0x00007f1f78176800, 0x00007f1f78178800, 0x00007f1f7817a800,
0x00007f1f78222800, 0x00007f1f78226800, 0x00007f1efc001000, 0x00007f1f7823d000,
0x00007f1f782a3800
}

Java Threads: ( => current thread )
  0x00007f1f78015000 JavaThread "main" [_thread_blocked, id=6375, stack(0x00007f1f7f064000,0x00007f1f7f165000)]
  0x00007f1f7815f800 JavaThread "Reference Handler" daemon [_thread_blocked, id=6403, stack(0x00007f1f4c2ad000,0x00007f1f4c3ae000)]
  0x00007f1f78161800 JavaThread "Finalizer" daemon [_thread_blocked, id=6406, stack(0x00007f1f4c1ac000,0x00007f1f4c2ad000)]
  0x00007f1f78172800 JavaThread "Signal Dispatcher" daemon [_thread_blocked, id=6407, stack(0x00007f1f4c0ab000,0x00007f1f4c1ac000)]
  0x00007f1f78174800 JavaThread "C2 CompilerThread0" daemon [_thread_blocked, id=6408, stack(0x00007f1f4403f000,0x00007f1f44140000)]
  0x00007f1f78176800 JavaThread "C2 CompilerThread1" daemon [_thread_blocked, id=6409, stack(0x00007f1f17eff000,0x00007f1f18000000)]
  0x00007f1f78178800 JavaThread "C1 CompilerThread2" daemon [_thread_blocked, id=6410, stack(0x00007f1f17dfe000,0x00007f1f17eff000)]
  0x00007f1f7817a800 JavaThread "Sweeper thread" daemon [_thread_blocked, id=6411, stack(0x00007f1f17cfd000,0x00007f1f17dfe000)]
  0x00007f1f78222800 JavaThread "JDWP Transport Listener: dt_socket" daemon [_thread_blocked, id=6415, stack(0x00007f1f179f7000,0x00007f1f17af8000)] _threads_hazard_ptr=0x00007f1f782a4f20
  0x00007f1f78226800 JavaThread "JDWP Event Helper Thread" daemon [_thread_blocked, id=6418, stack(0x00007f1f178f6000,0x00007f1f179f7000)]
  0x00007f1efc001000 JavaThread "JDWP Command Reader" daemon [_thread_in_native, id=6419, stack(0x00007f1f177f5000,0x00007f1f178f6000)]
  0x00007f1f7823d000 JavaThread "Common-Cleaner" daemon [_thread_blocked, id=6420, stack(0x00007f1f176f4000,0x00007f1f177f5000)]
  0x00007f1f782a3800 JavaThread "Service Thread" daemon [_thread_blocked, id=6421, stack(0x00007f1f171cb000,0x00007f1f172cc000)]

Other Threads:
=>0x00007f1f78156000 VMThread "VM Thread" [stack: 0x00007f1f4c3af000,0x00007f1f4c4af000] [id=6400]
  0x00007f1f782a7000 WatcherThread [stack: 0x00007f1f170cb000,0x00007f1f171cb000] [id=6422]
  0x00007f1f7802e800 GCTaskThread "GC Thread#0" [stack: 0x00007f1f5c985000,0x00007f1f5ca85000] [id=6385]
  0x00007f1f78030000 GCTaskThread "GC Thread#1" [stack: 0x00007f1f5c884000,0x00007f1f5c984000] [id=6386]
  0x00007f1f78032000 GCTaskThread "GC Thread#2" [stack: 0x00007f1f5c783000,0x00007f1f5c883000] [id=6387]
  0x00007f1f78033800 GCTaskThread "GC Thread#3" [stack: 0x00007f1f5c682000,0x00007f1f5c782000] [id=6388]
  0x00007f1f7805d000 ConcurrentGCThread "G1 Main Marker" [stack: 0x00007f1f5c17d000,0x00007f1f5c27d000] [id=6389]
  0x00007f1f7805e800 ConcurrentGCThread "G1 Conc#0" [stack: 0x00007f1f5c07c000,0x00007f1f5c17c000] [id=6390]
  0x00007f1f780c6800 ConcurrentGCThread "G1 Refine#0" [stack: 0x00007f1f4d0b4000,0x00007f1f4d1b4000] [id=6391]
  0x00007f1f780c8800 ConcurrentGCThread "G1 Refine#1" [stack: 0x00007f1f4cfb3000,0x00007f1f4d0b3000] [id=6392]
  0x00007f1f780ca000 ConcurrentGCThread "G1 Refine#2" [stack: 0x00007f1f4ceb2000,0x00007f1f4cfb2000] [id=6393]
  0x00007f1f780cc000 ConcurrentGCThread "G1 Refine#3" [stack: 0x00007f1f4cdb1000,0x00007f1f4ceb1000] [id=6395]
  0x00007f1f780ce000 ConcurrentGCThread "G1 Young RemSet Sampling" [stack: 0x00007f1f4ccb0000,0x00007f1f4cdb0000] [id=6398]

Threads with active compile tasks:

VM state:at safepoint (normal execution)

VM Mutex/Monitor currently owned by a thread:  ([mutex/lock_event])
[0x00007f1f780113e0] Threads_lock - owner thread: 0x00007f1f78156000

Heap address: 0x0000000085000000, size: 1968 MB, Compressed Oops mode: 32-bit
Narrow klass base: 0x0000000000000000, Narrow klass shift: 3
Compressed class space size: 1073741824 Address: 0x0000000100000000

Heap:
 garbage-first heap   total 126976K, used 4096K [0x0000000085000000, 0x0000000100000000)
  region size 1024K, 5 young (5120K), 0 survivors (0K)
 Metaspace       used 6371K, capacity 6551K, committed 6784K, reserved 1056768K
  class space    used 515K, capacity 586K, committed 640K, reserved 1048576K
Heap Regions: E=young(eden), S=young(survivor), O=old, HS=humongous(starts), HC=humongous(continues), CS=collection set, F=free, A=archive, TS=gc time stamp, AC=allocation context, TAMS=top-at-mark-start (previous, next)
|   0|0x0000000085000000, 0x0000000085000000, 0x0000000085100000|  0%| F|  |TS  0|AC  0|TAMS 0x0000000085000000, 0x0000000085000000|
|   1|0x0000000085100000, 0x0000000085100000, 0x0000000085200000|  0%| F|  |TS  0|AC  0|TAMS 0x0000000085100000, 0x0000000085100000|
|   2|0x0000000085200000, 0x0000000085200000, 0x0000000085300000|  0%| F|  |TS  0|AC  0|TAMS 0x0000000085200000, 0x0000000085200000|
|   3|0x0000000085300000, 0x0000000085300000, 0x0000000085400000|  0%| F|  |TS  0|AC  0|TAMS 0x0000000085300000, 0x0000000085300000|
|   4|0x0000000085400000, 0x0000000085400000, 0x0000000085500000|  0%| F|  |TS  0|AC  0|TAMS 0x0000000085400000, 0x0000000085400000|
|   5|0x0000000085500000, 0x0000000085500000, 0x0000000085600000|  0%| F|  |TS  0|AC  0|TAMS 0x0000000085500000, 0x0000000085500000|
|   6|0x0000000085600000, 0x0000000085600000, 0x0000000085700000|  0%| F|  |TS  0|AC  0|TAMS 0x0000000085600000, 0x0000000085600000|
|   7|0x0000000085700000, 0x0000000085700000, 0x0000000085800000|  0%| F|  |TS  0|AC  0|TAMS 0x0000000085700000, 0x0000000085700000|
|   8|0x0000000085800000, 0x0000000085800000, 0x0000000085900000|  0%| F|  |TS  0|AC  0|TAMS 0x0000000085800000, 0x0000000085800000|
|   9|0x0000000085900000, 0x0000000085900000, 0x0000000085a00000|  0%| F|  |TS  0|AC  0|TAMS 0x0000000085900000, 0x0000000085900000|
|  10|0x0000000085a00000, 0x0000000085a00000, 0x0000000085b00000|  0%| F|  |TS  0|AC  0|TAMS 0x0000000085a00000, 0x0000000085a00000|
|  11|0x0000000085b00000, 0x0000000085b00000, 0x0000000085c00000|  0%| F|  |TS  0|AC  0|TAMS 0x0000000085b00000, 0x0000000085b00000|
|  12|0x0000000085c00000, 0x0000000085c00000, 0x0000000085d00000|  0%| F|  |TS  0|AC  0|TAMS 0x0000000085c00000, 0x0000000085c00000|
|  13|0x0000000085d00000, 0x0000000085d00000, 0x0000000085e00000|  0%| F|  |TS  0|AC  0|TAMS 0x0000000085d00000, 0x0000000085d00000|
|  14|0x0000000085e00000, 0x0000000085e00000, 0x0000000085f00000|  0%| F|  |TS  0|AC  0|TAMS 0x0000000085e00000, 0x0000000085e00000|
|  15|0x0000000085f00000, 0x0000000085f00000, 0x0000000086000000|  0%| F|  |TS  0|AC  0|TAMS 0x0000000085f00000, 0x0000000085f00000|
|  16|0x0000000086000000, 0x0000000086000000, 0x0000000086100000|  0%| F|  |TS  0|AC  0|TAMS 0x0000000086000000, 0x0000000086000000|
|  17|0x0000000086100000, 0x0000000086100000, 0x0000000086200000|  0%| F|  |TS  0|AC  0|TAMS 0x0000000086100000, 0x0000000086100000|
|  18|0x0000000086200000, 0x0000000086200000, 0x0000000086300000|  0%| F|  |TS  0|AC  0|TAMS 0x0000000086200000, 0x0000000086200000|
|  19|0x0000000086300000, 0x0000000086300000, 0x0000000086400000|  0%| F|  |TS  0|AC  0|TAMS 0x0000000086300000, 0x0000000086300000|
|  20|0x0000000086400000, 0x0000000086400000, 0x0000000086500000|  0%| F|  |TS  0|AC  0|TAMS 0x0000000086400000, 0x0000000086400000|
|  21|0x0000000086500000, 0x0000000086500000, 0x0000000086600000|  0%| F|  |TS  0|AC  0|TAMS 0x0000000086500000, 0x0000000086500000|
|  22|0x0000000086600000, 0x0000000086600000, 0x0000000086700000|  0%| F|  |TS  0|AC  0|TAMS 0x0000000086600000, 0x0000000086600000|
|  23|0x0000000086700000, 0x0000000086700000, 0x0000000086800000|  0%| F|  |TS  0|AC  0|TAMS 0x0000000086700000, 0x0000000086700000|
|  24|0x0000000086800000, 0x0000000086800000, 0x0000000086900000|  0%| F|  |TS  0|AC  0|TAMS 0x0000000086800000, 0x0000000086800000|
|  25|0x0000000086900000, 0x0000000086900000, 0x0000000086a00000|  0%| F|  |TS  0|AC  0|TAMS 0x0000000086900000, 0x0000000086900000|
|  26|0x0000000086a00000, 0x0000000086a00000, 0x0000000086b00000|  0%| F|  |TS  0|AC  0|TAMS 0x0000000086a00000, 0x0000000086a00000|
|  27|0x0000000086b00000, 0x0000000086b00000, 0x0000000086c00000|  0%| F|  |TS  0|AC  0|TAMS 0x0000000086b00000, 0x0000000086b00000|
|  28|0x0000000086c00000, 0x0000000086c00000, 0x0000000086d00000|  0%| F|  |TS  0|AC  0|TAMS 0x0000000086c00000, 0x0000000086c00000|
|  29|0x0000000086d00000, 0x0000000086d00000, 0x0000000086e00000|  0%| F|  |TS  0|AC  0|TAMS 0x0000000086d00000, 0x0000000086d00000|
|  30|0x0000000086e00000, 0x0000000086e00000, 0x0000000086f00000|  0%| F|  |TS  0|AC  0|TAMS 0x0000000086e00000, 0x0000000086e00000|
|  31|0x0000000086f00000, 0x0000000086f00000, 0x0000000087000000|  0%| F|  |TS  0|AC  0|TAMS 0x0000000086f00000, 0x0000000086f00000|
|  32|0x0000000087000000, 0x0000000087000000, 0x0000000087100000|  0%| F|  |TS  0|AC  0|TAMS 0x0000000087000000, 0x0000000087000000|
|  33|0x0000000087100000, 0x0000000087100000, 0x0000000087200000|  0%| F|  |TS  0|AC  0|TAMS 0x0000000087100000, 0x0000000087100000|
|  34|0x0000000087200000, 0x0000000087200000, 0x0000000087300000|  0%| F|  |TS  0|AC  0|TAMS 0x0000000087200000, 0x0000000087200000|
|  35|0x0000000087300000, 0x0000000087300000, 0x0000000087400000|  0%| F|  |TS  0|AC  0|TAMS 0x0000000087300000, 0x0000000087300000|
|  36|0x0000000087400000, 0x0000000087400000, 0x0000000087500000|  0%| F|  |TS  0|AC  0|TAMS 0x0000000087400000, 0x0000000087400000|
|  37|0x0000000087500000, 0x0000000087500000, 0x0000000087600000|  0%| F|  |TS  0|AC  0|TAMS 0x0000000087500000, 0x0000000087500000|
|  38|0x0000000087600000, 0x0000000087600000, 0x0000000087700000|  0%| F|  |TS  0|AC  0|TAMS 0x0000000087600000, 0x0000000087600000|
|  39|0x0000000087700000, 0x0000000087700000, 0x0000000087800000|  0%| F|  |TS  0|AC  0|TAMS 0x0000000087700000, 0x0000000087700000|
|  40|0x0000000087800000, 0x0000000087800000, 0x0000000087900000|  0%| F|  |TS  0|AC  0|TAMS 0x0000000087800000, 0x0000000087800000|
|  41|0x0000000087900000, 0x0000000087900000, 0x0000000087a00000|  0%| F|  |TS  0|AC  0|TAMS 0x0000000087900000, 0x0000000087900000|
|  42|0x0000000087a00000, 0x0000000087a00000, 0x0000000087b00000|  0%| F|  |TS  0|AC  0|TAMS 0x0000000087a00000, 0x0000000087a00000|
|  43|0x0000000087b00000, 0x0000000087b00000, 0x0000000087c00000|  0%| F|  |TS  0|AC  0|TAMS 0x0000000087b00000, 0x0000000087b00000|
|  44|0x0000000087c00000, 0x0000000087c00000, 0x0000000087d00000|  0%| F|  |TS  0|AC  0|TAMS 0x0000000087c00000, 0x0000000087c00000|
|  45|0x0000000087d00000, 0x0000000087d00000, 0x0000000087e00000|  0%| F|  |TS  0|AC  0|TAMS 0x0000000087d00000, 0x0000000087d00000|
|  46|0x0000000087e00000, 0x0000000087e00000, 0x0000000087f00000|  0%| F|  |TS  0|AC  0|TAMS 0x0000000087e00000, 0x0000000087e00000|
|  47|0x0000000087f00000, 0x0000000087f00000, 0x0000000088000000|  0%| F|  |TS  0|AC  0|TAMS 0x0000000087f00000, 0x0000000087f00000|
|  48|0x0000000088000000, 0x0000000088000000, 0x0000000088100000|  0%| F|  |TS  0|AC  0|TAMS 0x0000000088000000, 0x0000000088000000|
|  49|0x0000000088100000, 0x0000000088100000, 0x0000000088200000|  0%| F|  |TS  0|AC  0|TAMS 0x0000000088100000, 0x0000000088100000|
|  50|0x0000000088200000, 0x0000000088200000, 0x0000000088300000|  0%| F|  |TS  0|AC  0|TAMS 0x0000000088200000, 0x0000000088200000|
|  51|0x0000000088300000, 0x0000000088300000, 0x0000000088400000|  0%| F|  |TS  0|AC  0|TAMS 0x0000000088300000, 0x0000000088300000|
|  52|0x0000000088400000, 0x0000000088400000, 0x0000000088500000|  0%| F|  |TS  0|AC  0|TAMS 0x0000000088400000, 0x0000000088400000|
|  53|0x0000000088500000, 0x0000000088500000, 0x0000000088600000|  0%| F|  |TS  0|AC  0|TAMS 0x0000000088500000, 0x0000000088500000|
|  54|0x0000000088600000, 0x0000000088600000, 0x0000000088700000|  0%| F|  |TS  0|AC  0|TAMS 0x0000000088600000, 0x0000000088600000|
|  55|0x0000000088700000, 0x0000000088700000, 0x0000000088800000|  0%| F|  |TS  0|AC  0|TAMS 0x0000000088700000, 0x0000000088700000|
|  56|0x0000000088800000, 0x0000000088800000, 0x0000000088900000|  0%| F|  |TS  0|AC  0|TAMS 0x0000000088800000, 0x0000000088800000|
|  57|0x0000000088900000, 0x0000000088900000, 0x0000000088a00000|  0%| F|  |TS  0|AC  0|TAMS 0x0000000088900000, 0x0000000088900000|
|  58|0x0000000088a00000, 0x0000000088a00000, 0x0000000088b00000|  0%| F|  |TS  0|AC  0|TAMS 0x0000000088a00000, 0x0000000088a00000|
|  59|0x0000000088b00000, 0x0000000088b00000, 0x0000000088c00000|  0%| F|  |TS  0|AC  0|TAMS 0x0000000088b00000, 0x0000000088b00000|
|  60|0x0000000088c00000, 0x0000000088c00000, 0x0000000088d00000|  0%| F|  |TS  0|AC  0|TAMS 0x0000000088c00000, 0x0000000088c00000|
|  61|0x0000000088d00000, 0x0000000088d00000, 0x0000000088e00000|  0%| F|  |TS  0|AC  0|TAMS 0x0000000088d00000, 0x0000000088d00000|
|  62|0x0000000088e00000, 0x0000000088e00000, 0x0000000088f00000|  0%| F|  |TS  0|AC  0|TAMS 0x0000000088e00000, 0x0000000088e00000|
|  63|0x0000000088f00000, 0x0000000088f00000, 0x0000000089000000|  0%| F|  |TS  0|AC  0|TAMS 0x0000000088f00000, 0x0000000088f00000|
|  64|0x0000000089000000, 0x0000000089000000, 0x0000000089100000|  0%| F|  |TS  0|AC  0|TAMS 0x0000000089000000, 0x0000000089000000|
|  65|0x0000000089100000, 0x0000000089100000, 0x0000000089200000|  0%| F|  |TS  0|AC  0|TAMS 0x0000000089100000, 0x0000000089100000|
|  66|0x0000000089200000, 0x0000000089200000, 0x0000000089300000|  0%| F|  |TS  0|AC  0|TAMS 0x0000000089200000, 0x0000000089200000|
|  67|0x0000000089300000, 0x0000000089300000, 0x0000000089400000|  0%| F|  |TS  0|AC  0|TAMS 0x0000000089300000, 0x0000000089300000|
|  68|0x0000000089400000, 0x0000000089400000, 0x0000000089500000|  0%| F|  |TS  0|AC  0|TAMS 0x0000000089400000, 0x0000000089400000|
|  69|0x0000000089500000, 0x0000000089500000, 0x0000000089600000|  0%| F|  |TS  0|AC  0|TAMS 0x0000000089500000, 0x0000000089500000|
|  70|0x0000000089600000, 0x0000000089600000, 0x0000000089700000|  0%| F|  |TS  0|AC  0|TAMS 0x0000000089600000, 0x0000000089600000|
|  71|0x0000000089700000, 0x0000000089700000, 0x0000000089800000|  0%| F|  |TS  0|AC  0|TAMS 0x0000000089700000, 0x0000000089700000|
|  72|0x0000000089800000, 0x0000000089800000, 0x0000000089900000|  0%| F|  |TS  0|AC  0|TAMS 0x0000000089800000, 0x0000000089800000|
|  73|0x0000000089900000, 0x0000000089900000, 0x0000000089a00000|  0%| F|  |TS  0|AC  0|TAMS 0x0000000089900000, 0x0000000089900000|
|  74|0x0000000089a00000, 0x0000000089a00000, 0x0000000089b00000|  0%| F|  |TS  0|AC  0|TAMS 0x0000000089a00000, 0x0000000089a00000|
|  75|0x0000000089b00000, 0x0000000089b00000, 0x0000000089c00000|  0%| F|  |TS  0|AC  0|TAMS 0x0000000089b00000, 0x0000000089b00000|
|  76|0x0000000089c00000, 0x0000000089c00000, 0x0000000089d00000|  0%| F|  |TS  0|AC  0|TAMS 0x0000000089c00000, 0x0000000089c00000|
|  77|0x0000000089d00000, 0x0000000089d00000, 0x0000000089e00000|  0%| F|  |TS  0|AC  0|TAMS 0x0000000089d00000, 0x0000000089d00000|
|  78|0x0000000089e00000, 0x0000000089e00000, 0x0000000089f00000|  0%| F|  |TS  0|AC  0|TAMS 0x0000000089e00000, 0x0000000089e00000|
|  79|0x0000000089f00000, 0x0000000089f00000, 0x000000008a000000|  0%| F|  |TS  0|AC  0|TAMS 0x0000000089f00000, 0x0000000089f00000|
|  80|0x000000008a000000, 0x000000008a000000, 0x000000008a100000|  0%| F|  |TS  0|AC  0|TAMS 0x000000008a000000, 0x000000008a000000|
|  81|0x000000008a100000, 0x000000008a100000, 0x000000008a200000|  0%| F|  |TS  0|AC  0|TAMS 0x000000008a100000, 0x000000008a100000|
|  82|0x000000008a200000, 0x000000008a200000, 0x000000008a300000|  0%| F|  |TS  0|AC  0|TAMS 0x000000008a200000, 0x000000008a200000|
|  83|0x000000008a300000, 0x000000008a300000, 0x000000008a400000|  0%| F|  |TS  0|AC  0|TAMS 0x000000008a300000, 0x000000008a300000|
|  84|0x000000008a400000, 0x000000008a400000, 0x000000008a500000|  0%| F|  |TS  0|AC  0|TAMS 0x000000008a400000, 0x000000008a400000|
|  85|0x000000008a500000, 0x000000008a500000, 0x000000008a600000|  0%| F|  |TS  0|AC  0|TAMS 0x000000008a500000, 0x000000008a500000|
|  86|0x000000008a600000, 0x000000008a600000, 0x000000008a700000|  0%| F|  |TS  0|AC  0|TAMS 0x000000008a600000, 0x000000008a600000|
|  87|0x000000008a700000, 0x000000008a700000, 0x000000008a800000|  0%| F|  |TS  0|AC  0|TAMS 0x000000008a700000, 0x000000008a700000|
|  88|0x000000008a800000, 0x000000008a800000, 0x000000008a900000|  0%| F|  |TS  0|AC  0|TAMS 0x000000008a800000, 0x000000008a800000|
|  89|0x000000008a900000, 0x000000008a900000, 0x000000008aa00000|  0%| F|  |TS  0|AC  0|TAMS 0x000000008a900000, 0x000000008a900000|
|  90|0x000000008aa00000, 0x000000008aa00000, 0x000000008ab00000|  0%| F|  |TS  0|AC  0|TAMS 0x000000008aa00000, 0x000000008aa00000|
|  91|0x000000008ab00000, 0x000000008ab00000, 0x000000008ac00000|  0%| F|  |TS  0|AC  0|TAMS 0x000000008ab00000, 0x000000008ab00000|
|  92|0x000000008ac00000, 0x000000008ac00000, 0x000000008ad00000|  0%| F|  |TS  0|AC  0|TAMS 0x000000008ac00000, 0x000000008ac00000|
|  93|0x000000008ad00000, 0x000000008ad00000, 0x000000008ae00000|  0%| F|  |TS  0|AC  0|TAMS 0x000000008ad00000, 0x000000008ad00000|
|  94|0x000000008ae00000, 0x000000008ae00000, 0x000000008af00000|  0%| F|  |TS  0|AC  0|TAMS 0x000000008ae00000, 0x000000008ae00000|
|  95|0x000000008af00000, 0x000000008af00000, 0x000000008b000000|  0%| F|  |TS  0|AC  0|TAMS 0x000000008af00000, 0x000000008af00000|
|  96|0x000000008b000000, 0x000000008b000000, 0x000000008b100000|  0%| F|  |TS  0|AC  0|TAMS 0x000000008b000000, 0x000000008b000000|
|  97|0x000000008b100000, 0x000000008b100000, 0x000000008b200000|  0%| F|  |TS  0|AC  0|TAMS 0x000000008b100000, 0x000000008b100000|
|  98|0x000000008b200000, 0x000000008b200000, 0x000000008b300000|  0%| F|  |TS  0|AC  0|TAMS 0x000000008b200000, 0x000000008b200000|
|  99|0x000000008b300000, 0x000000008b300000, 0x000000008b400000|  0%| F|  |TS  0|AC  0|TAMS 0x000000008b300000, 0x000000008b300000|
| 100|0x000000008b400000, 0x000000008b400000, 0x000000008b500000|  0%| F|  |TS  0|AC  0|TAMS 0x000000008b400000, 0x000000008b400000|
| 101|0x000000008b500000, 0x000000008b500000, 0x000000008b600000|  0%| F|  |TS  0|AC  0|TAMS 0x000000008b500000, 0x000000008b500000|
| 102|0x000000008b600000, 0x000000008b600000, 0x000000008b700000|  0%| F|  |TS  0|AC  0|TAMS 0x000000008b600000, 0x000000008b600000|
| 103|0x000000008b700000, 0x000000008b700000, 0x000000008b800000|  0%| F|  |TS  0|AC  0|TAMS 0x000000008b700000, 0x000000008b700000|
| 104|0x000000008b800000, 0x000000008b800000, 0x000000008b900000|  0%| F|  |TS  0|AC  0|TAMS 0x000000008b800000, 0x000000008b800000|
| 105|0x000000008b900000, 0x000000008b900000, 0x000000008ba00000|  0%| F|  |TS  0|AC  0|TAMS 0x000000008b900000, 0x000000008b900000|
| 106|0x000000008ba00000, 0x000000008ba00000, 0x000000008bb00000|  0%| F|  |TS  0|AC  0|TAMS 0x000000008ba00000, 0x000000008ba00000|
| 107|0x000000008bb00000, 0x000000008bb00000, 0x000000008bc00000|  0%| F|  |TS  0|AC  0|TAMS 0x000000008bb00000, 0x000000008bb00000|
| 108|0x000000008bc00000, 0x000000008bc00000, 0x000000008bd00000|  0%| F|  |TS  0|AC  0|TAMS 0x000000008bc00000, 0x000000008bc00000|
| 109|0x000000008bd00000, 0x000000008bd00000, 0x000000008be00000|  0%| F|  |TS  0|AC  0|TAMS 0x000000008bd00000, 0x000000008bd00000|
| 110|0x000000008be00000, 0x000000008be00000, 0x000000008bf00000|  0%| F|  |TS  0|AC  0|TAMS 0x000000008be00000, 0x000000008be00000|
| 111|0x000000008bf00000, 0x000000008bf00000, 0x000000008c000000|  0%| F|  |TS  0|AC  0|TAMS 0x000000008bf00000, 0x000000008bf00000|
| 112|0x000000008c000000, 0x000000008c000000, 0x000000008c100000|  0%| F|  |TS  0|AC  0|TAMS 0x000000008c000000, 0x000000008c000000|
| 113|0x000000008c100000, 0x000000008c100000, 0x000000008c200000|  0%| F|  |TS  0|AC  0|TAMS 0x000000008c100000, 0x000000008c100000|
| 114|0x000000008c200000, 0x000000008c200000, 0x000000008c300000|  0%| F|  |TS  0|AC  0|TAMS 0x000000008c200000, 0x000000008c200000|
| 115|0x000000008c300000, 0x000000008c300000, 0x000000008c400000|  0%| F|  |TS  0|AC  0|TAMS 0x000000008c300000, 0x000000008c300000|
| 116|0x000000008c400000, 0x000000008c400000, 0x000000008c500000|  0%| F|  |TS  0|AC  0|TAMS 0x000000008c400000, 0x000000008c400000|
| 117|0x000000008c500000, 0x000000008c500000, 0x000000008c600000|  0%| F|  |TS  0|AC  0|TAMS 0x000000008c500000, 0x000000008c500000|
| 118|0x000000008c600000, 0x000000008c600000, 0x000000008c700000|  0%| F|  |TS  0|AC  0|TAMS 0x000000008c600000, 0x000000008c600000|
| 119|0x000000008c700000, 0x000000008c7497a0, 0x000000008c800000| 28%| E|  |TS  0|AC  0|TAMS 0x000000008c700000, 0x000000008c700000|
| 120|0x000000008c800000, 0x000000008c900000, 0x000000008c900000|100%| E|CS|TS  0|AC  0|TAMS 0x000000008c800000, 0x000000008c800000|
| 121|0x000000008c900000, 0x000000008ca00000, 0x000000008ca00000|100%| E|CS|TS  0|AC  0|TAMS 0x000000008c900000, 0x000000008c900000|
| 122|0x000000008ca00000, 0x000000008cb00000, 0x000000008cb00000|100%| E|CS|TS  0|AC  0|TAMS 0x000000008ca00000, 0x000000008ca00000|
| 123|0x000000008cb00000, 0x000000008cc00000, 0x000000008cc00000|100%| E|CS|TS  0|AC  0|TAMS 0x000000008cb00000, 0x000000008cb00000|

Card table byte_map: [0x00007f1f4f850000,0x00007f1f4fc28000] byte_map_base: 0x00007f1f4f428000

Marking Bits (Prev, Next): (CMBitMap*) 0x00007f1f7805c1b0, (CMBitMap*) 0x00007f1f7805c1e8
 Prev Bits: [0x00007f1f4d5b8000, 0x00007f1f4f478000)
 Next Bits: [0x00007f1f46140000, 0x00007f1f48000000)

Polling page: 0x00007f1f7f186000

CodeHeap 'non-profiled nmethods': size=120032Kb used=120Kb max_used=120Kb free=119911Kb
 bounds [0x00007f1f64638000, 0x00007f1f648a8000, 0x00007f1f6bb70000]
CodeHeap 'profiled nmethods': size=120032Kb used=519Kb max_used=519Kb free=119513Kb
 bounds [0x00007f1f5d100000, 0x00007f1f5d370000, 0x00007f1f64638000]
CodeHeap 'non-nmethods': size=5696Kb used=1098Kb max_used=1107Kb free=4597Kb
 bounds [0x00007f1f5cb70000, 0x00007f1f5cde0000, 0x00007f1f5d100000]
 total_blobs=778 nmethods=367 adapters=245
 compilation: enabled

Compilation events (10 events):
Event: 11,181 Thread 0x00007f1f78178800  363       3       java.nio.CharBuffer::position (8 bytes)
Event: 11,182 Thread 0x00007f1f78178800 nmethod 363 0x00007f1f5d180710 code [0x00007f1f5d1808c0, 0x00007f1f5d180a68]
Event: 11,184 Thread 0x00007f1f78178800  364       3       java.nio.ByteBuffer::array (35 bytes)
Event: 11,185 Thread 0x00007f1f78178800 nmethod 364 0x00007f1f5d180b10 code [0x00007f1f5d180d00, 0x00007f1f5d180fd8]
Event: 11,187 Thread 0x00007f1f78178800  365       1       java.io.FileDescriptor::access$100 (5 bytes)
Event: 11,187 Thread 0x00007f1f78178800 nmethod 365 0x00007f1f64655d90 code [0x00007f1f64655f40, 0x00007f1f64656030]
Event: 11,187 Thread 0x00007f1f78178800  366       3       java.lang.Long::formatUnsignedLong0 (47 bytes)
Event: 11,189 Thread 0x00007f1f78178800 nmethod 366 0x00007f1f5d181110 code [0x00007f1f5d1812e0, 0x00007f1f5d181530]
Event: 11,189 Thread 0x00007f1f78178800  367       3       java.io.BufferedWriter::ensureOpen (18 bytes)
Event: 11,191 Thread 0x00007f1f78178800 nmethod 367 0x00007f1f5d181690 code [0x00007f1f5d181860, 0x00007f1f5d181ae8]

GC Heap History (0 events):
No events

Deoptimization events (1 events):
Event: 0,271 Thread 0x00007f1f78015000 Uncommon trap: reason=unstable_if action=reinterpret pc=0x00007f1f6463ae88 method=java.lang.String.hashCode()I @ 14 c2

Classes redefined (2 events):
Event: 27,734 Thread 0x00007f1f78156000 redefined class name=chess.Main, count=1
Event: 64,748 Thread 0x00007f1f78156000 redefined class name=chess.Main, count=2

Internal exceptions (0 events):
No events

Events (10 events):
Event: 64,787 Executing VM operation: ChangeBreakpoints done
Event: 64,790 Executing VM operation: ChangeBreakpoints
Event: 64,790 Executing VM operation: ChangeBreakpoints done
Event: 64,795 Executing VM operation: GetFrameCount
Event: 64,795 Executing VM operation: GetFrameCount done
Event: 64,795 Executing VM operation: GetFrameLocation
Event: 64,795 Executing VM operation: GetFrameLocation done
Event: 64,795 Executing VM operation: GetFrameLocation
Event: 64,795 Executing VM operation: GetFrameLocation done
Event: 64,795 Executing VM operation: GetOrSetLocal


Dynamic libraries:
00400000-00401000 r-xp 00000000 08:05 7878526                            /usr/lib/jvm/jdk-10.0.2/bin/java
00600000-00601000 rw-p 00000000 08:05 7878526                            /usr/lib/jvm/jdk-10.0.2/bin/java
017f0000-01811000 rw-p 00000000 00:00 0                                  [heap]
85000000-8cc00000 rw-p 00000000 00:00 0 
8cc00000-100000000 ---p 00000000 00:00 0 
100000000-1000a0000 rw-p 00000000 00:00 0 
1000a0000-140000000 ---p 00000000 00:00 0 
7f1eec000000-7f1eec021000 rw-p 00000000 00:00 0 
7f1eec021000-7f1ef0000000 ---p 00000000 00:00 0 
7f1ef0000000-7f1ef0021000 rw-p 00000000 00:00 0 
7f1ef0021000-7f1ef4000000 ---p 00000000 00:00 0 
7f1ef4000000-7f1ef4021000 rw-p 00000000 00:00 0 
7f1ef4021000-7f1ef8000000 ---p 00000000 00:00 0 
7f1ef8000000-7f1ef8021000 rw-p 00000000 00:00 0 
7f1ef8021000-7f1efc000000 ---p 00000000 00:00 0 
7f1efc000000-7f1efc021000 rw-p 00000000 00:00 0 
7f1efc021000-7f1f00000000 ---p 00000000 00:00 0 
7f1f00000000-7f1f00021000 rw-p 00000000 00:00 0 
7f1f00021000-7f1f04000000 ---p 00000000 00:00 0 
7f1f04000000-7f1f041b1000 rw-p 00000000 00:00 0 
7f1f041b1000-7f1f08000000 ---p 00000000 00:00 0 
7f1f08000000-7f1f08021000 rw-p 00000000 00:00 0 
7f1f08021000-7f1f0c000000 ---p 00000000 00:00 0 
7f1f0c000000-7f1f0c1a3000 rw-p 00000000 00:00 0 
7f1f0c1a3000-7f1f10000000 ---p 00000000 00:00 0 
7f1f10000000-7f1f101c3000 rw-p 00000000 00:00 0 
7f1f101c3000-7f1f14000000 ---p 00000000 00:00 0 
7f1f16d56000-7f1f170ca000 rw-p 00000000 00:00 0 
7f1f170ca000-7f1f170cb000 ---p 00000000 00:00 0 
7f1f170cb000-7f1f171cb000 rw-p 00000000 00:00 0 
7f1f171cb000-7f1f171cf000 ---p 00000000 00:00 0 
7f1f171cf000-7f1f172cc000 rw-p 00000000 00:00 0 
7f1f172cc000-7f1f172e2000 r-xp 00000000 08:05 7884989                    /usr/lib/jvm/jdk-10.0.2/lib/libnet.so
7f1f172e2000-7f1f174e2000 ---p 00016000 08:05 7884989                    /usr/lib/jvm/jdk-10.0.2/lib/libnet.so
7f1f174e2000-7f1f174e3000 rw-p 00016000 08:05 7884989                    /usr/lib/jvm/jdk-10.0.2/lib/libnet.so
7f1f174e3000-7f1f174f3000 r-xp 00000000 08:05 7884953                    /usr/lib/jvm/jdk-10.0.2/lib/libnio.so
7f1f174f3000-7f1f176f3000 ---p 00010000 08:05 7884953                    /usr/lib/jvm/jdk-10.0.2/lib/libnio.so
7f1f176f3000-7f1f176f4000 rw-p 00010000 08:05 7884953                    /usr/lib/jvm/jdk-10.0.2/lib/libnio.so
7f1f176f4000-7f1f176f8000 ---p 00000000 00:00 0 
7f1f176f8000-7f1f177f5000 rw-p 00000000 00:00 0 
7f1f177f5000-7f1f177f9000 ---p 00000000 00:00 0 
7f1f177f9000-7f1f178f6000 rw-p 00000000 00:00 0 
7f1f178f6000-7f1f178fa000 ---p 00000000 00:00 0 
7f1f178fa000-7f1f179f7000 rw-p 00000000 00:00 0 
7f1f179f7000-7f1f179fb000 ---p 00000000 00:00 0 
7f1f179fb000-7f1f17af8000 rw-p 00000000 00:00 0 
7f1f17af8000-7f1f17afc000 r-xp 00000000 08:05 7884978                    /usr/lib/jvm/jdk-10.0.2/lib/libdt_socket.so
7f1f17afc000-7f1f17cfc000 ---p 00004000 08:05 7884978                    /usr/lib/jvm/jdk-10.0.2/lib/libdt_socket.so
7f1f17cfc000-7f1f17cfd000 rw-p 00004000 08:05 7884978                    /usr/lib/jvm/jdk-10.0.2/lib/libdt_socket.so
7f1f17cfd000-7f1f17d01000 ---p 00000000 00:00 0 
7f1f17d01000-7f1f17dfe000 rw-p 00000000 00:00 0 
7f1f17dfe000-7f1f17e02000 ---p 00000000 00:00 0 
7f1f17e02000-7f1f17eff000 rw-p 00000000 00:00 0 
7f1f17eff000-7f1f17f03000 ---p 00000000 00:00 0 
7f1f17f03000-7f1f18000000 rw-p 00000000 00:00 0 
7f1f18000000-7f1f18021000 rw-p 00000000 00:00 0 
7f1f18021000-7f1f1c000000 ---p 00000000 00:00 0 
7f1f1c000000-7f1f1c021000 rw-p 00000000 00:00 0 
7f1f1c021000-7f1f20000000 ---p 00000000 00:00 0 
7f1f20000000-7f1f20021000 rw-p 00000000 00:00 0 
7f1f20021000-7f1f24000000 ---p 00000000 00:00 0 
7f1f24000000-7f1f24021000 rw-p 00000000 00:00 0 
7f1f24021000-7f1f28000000 ---p 00000000 00:00 0 
7f1f28000000-7f1f28021000 rw-p 00000000 00:00 0 
7f1f28021000-7f1f2c000000 ---p 00000000 00:00 0 
7f1f2c000000-7f1f2c021000 rw-p 00000000 00:00 0 
7f1f2c021000-7f1f30000000 ---p 00000000 00:00 0 
7f1f30000000-7f1f30021000 rw-p 00000000 00:00 0 
7f1f30021000-7f1f34000000 ---p 00000000 00:00 0 
7f1f34000000-7f1f34021000 rw-p 00000000 00:00 0 
7f1f34021000-7f1f38000000 ---p 00000000 00:00 0 
7f1f38000000-7f1f38021000 rw-p 00000000 00:00 0 
7f1f38021000-7f1f3c000000 ---p 00000000 00:00 0 
7f1f3c000000-7f1f3c021000 rw-p 00000000 00:00 0 
7f1f3c021000-7f1f40000000 ---p 00000000 00:00 0 
7f1f40000000-7f1f40021000 rw-p 00000000 00:00 0 
7f1f40021000-7f1f44000000 ---p 00000000 00:00 0 
7f1f4403f000-7f1f44043000 ---p 00000000 00:00 0 
7f1f44043000-7f1f46330000 rw-p 00000000 00:00 0 
7f1f46330000-7f1f48000000 ---p 00000000 00:00 0 
7f1f48000000-7f1f48021000 rw-p 00000000 00:00 0 
7f1f48021000-7f1f4c000000 ---p 00000000 00:00 0 
7f1f4c0ab000-7f1f4c0af000 ---p 00000000 00:00 0 
7f1f4c0af000-7f1f4c1ac000 rw-p 00000000 00:00 0 
7f1f4c1ac000-7f1f4c1b0000 ---p 00000000 00:00 0 
7f1f4c1b0000-7f1f4c2ad000 rw-p 00000000 00:00 0 
7f1f4c2ad000-7f1f4c2b1000 ---p 00000000 00:00 0 
7f1f4c2b1000-7f1f4c3ae000 rw-p 00000000 00:00 0 
7f1f4c3ae000-7f1f4c3af000 ---p 00000000 00:00 0 
7f1f4c3af000-7f1f4caaf000 rw-p 00000000 00:00 0 
7f1f4caaf000-7f1f4ccaf000 ---p 00000000 00:00 0 
7f1f4ccaf000-7f1f4ccb0000 ---p 00000000 00:00 0 
7f1f4ccb0000-7f1f4cdb0000 rw-p 00000000 00:00 0 
7f1f4cdb0000-7f1f4cdb1000 ---p 00000000 00:00 0 
7f1f4cdb1000-7f1f4ceb1000 rw-p 00000000 00:00 0 
7f1f4ceb1000-7f1f4ceb2000 ---p 00000000 00:00 0 
7f1f4ceb2000-7f1f4cfb2000 rw-p 00000000 00:00 0 
7f1f4cfb2000-7f1f4cfb3000 ---p 00000000 00:00 0 
7f1f4cfb3000-7f1f4d0b3000 rw-p 00000000 00:00 0 
7f1f4d0b3000-7f1f4d0b4000 ---p 00000000 00:00 0 
7f1f4d0b4000-7f1f4d7a8000 rw-p 00000000 00:00 0 
7f1f4d7a8000-7f1f4f478000 ---p 00000000 00:00 0 
7f1f4f478000-7f1f4f4b6000 rw-p 00000000 00:00 0 
7f1f4f4b6000-7f1f4f850000 ---p 00000000 00:00 0 
7f1f4f850000-7f1f4f88e000 rw-p 00000000 00:00 0 
7f1f4f88e000-7f1f4fc28000 ---p 00000000 00:00 0 
7f1f4fc28000-7f1f4fc66000 rw-p 00000000 00:00 0 
7f1f4fc66000-7f1f50000000 ---p 00000000 00:00 0 
7f1f50000000-7f1f50021000 rw-p 00000000 00:00 0 
7f1f50021000-7f1f54000000 ---p 00000000 00:00 0 
7f1f54000000-7f1f54021000 rw-p 00000000 00:00 0 
7f1f54021000-7f1f58000000 ---p 00000000 00:00 0 
7f1f58000000-7f1f58021000 rw-p 00000000 00:00 0 
7f1f58021000-7f1f5c000000 ---p 00000000 00:00 0 
7f1f5c005000-7f1f5c07b000 rw-p 00000000 00:00 0 
7f1f5c07b000-7f1f5c07c000 ---p 00000000 00:00 0 
7f1f5c07c000-7f1f5c17c000 rw-p 00000000 00:00 0 
7f1f5c17c000-7f1f5c17d000 ---p 00000000 00:00 0 
7f1f5c17d000-7f1f5c681000 rw-p 00000000 00:00 0 
7f1f5c681000-7f1f5c682000 ---p 00000000 00:00 0 
7f1f5c682000-7f1f5c782000 rw-p 00000000 00:00 0 
7f1f5c782000-7f1f5c783000 ---p 00000000 00:00 0 
7f1f5c783000-7f1f5c883000 rw-p 00000000 00:00 0 
7f1f5c883000-7f1f5c884000 ---p 00000000 00:00 0 
7f1f5c884000-7f1f5c984000 rw-p 00000000 00:00 0 
7f1f5c984000-7f1f5c985000 ---p 00000000 00:00 0 
7f1f5c985000-7f1f5ca8a000 rw-p 00000000 00:00 0 
7f1f5ca8a000-7f1f5cb70000 ---p 00000000 00:00 0 
7f1f5cb70000-7f1f5cde0000 rwxp 00000000 00:00 0 
7f1f5cde0000-7f1f5d100000 ---p 00000000 00:00 0 
7f1f5d100000-7f1f5d370000 rwxp 00000000 00:00 0 
7f1f5d370000-7f1f64638000 ---p 00000000 00:00 0 
7f1f64638000-7f1f648a8000 rwxp 00000000 00:00 0 
7f1f648a8000-7f1f6bb70000 ---p 00000000 00:00 0 
7f1f6bb70000-7f1f76f36000 r--s 00000000 08:05 7884936                    /usr/lib/jvm/jdk-10.0.2/lib/modules
7f1f76f36000-7f1f76f50000 r-xp 00000000 08:05 7884934                    /usr/lib/jvm/jdk-10.0.2/lib/libjimage.so
7f1f76f50000-7f1f7714f000 ---p 0001a000 08:05 7884934                    /usr/lib/jvm/jdk-10.0.2/lib/libjimage.so
7f1f7714f000-7f1f77151000 rw-p 00019000 08:05 7884934                    /usr/lib/jvm/jdk-10.0.2/lib/libjimage.so
7f1f77151000-7f1f77163000 rw-p 00000000 00:00 0 
7f1f77163000-7f1f7716a000 r-xp 00000000 08:05 7884954                    /usr/lib/jvm/jdk-10.0.2/lib/libzip.so
7f1f7716a000-7f1f77369000 ---p 00007000 08:05 7884954                    /usr/lib/jvm/jdk-10.0.2/lib/libzip.so
7f1f77369000-7f1f7736a000 rw-p 00006000 08:05 7884954                    /usr/lib/jvm/jdk-10.0.2/lib/libzip.so
7f1f7736a000-7f1f77375000 r-xp 00000000 08:05 7344852                    /lib/x86_64-linux-gnu/libnss_files-2.23.so
7f1f77375000-7f1f77574000 ---p 0000b000 08:05 7344852                    /lib/x86_64-linux-gnu/libnss_files-2.23.so
7f1f77574000-7f1f77575000 r--p 0000a000 08:05 7344852                    /lib/x86_64-linux-gnu/libnss_files-2.23.so
7f1f77575000-7f1f77576000 rw-p 0000b000 08:05 7344852                    /lib/x86_64-linux-gnu/libnss_files-2.23.so
7f1f77576000-7f1f7757c000 rw-p 00000000 00:00 0 
7f1f7757c000-7f1f77587000 r-xp 00000000 08:05 7344856                    /lib/x86_64-linux-gnu/libnss_nis-2.23.so
7f1f77587000-7f1f77786000 ---p 0000b000 08:05 7344856                    /lib/x86_64-linux-gnu/libnss_nis-2.23.so
7f1f77786000-7f1f77787000 r--p 0000a000 08:05 7344856                    /lib/x86_64-linux-gnu/libnss_nis-2.23.so
7f1f77787000-7f1f77788000 rw-p 0000b000 08:05 7344856                    /lib/x86_64-linux-gnu/libnss_nis-2.23.so
7f1f77788000-7f1f7779e000 r-xp 00000000 08:05 7344489                    /lib/x86_64-linux-gnu/libnsl-2.23.so
7f1f7779e000-7f1f7799d000 ---p 00016000 08:05 7344489                    /lib/x86_64-linux-gnu/libnsl-2.23.so
7f1f7799d000-7f1f7799e000 r--p 00015000 08:05 7344489                    /lib/x86_64-linux-gnu/libnsl-2.23.so
7f1f7799e000-7f1f7799f000 rw-p 00016000 08:05 7344489                    /lib/x86_64-linux-gnu/libnsl-2.23.so
7f1f7799f000-7f1f779a1000 rw-p 00000000 00:00 0 
7f1f779a1000-7f1f779a9000 r-xp 00000000 08:05 7344847                    /lib/x86_64-linux-gnu/libnss_compat-2.23.so
7f1f779a9000-7f1f77ba8000 ---p 00008000 08:05 7344847                    /lib/x86_64-linux-gnu/libnss_compat-2.23.so
7f1f77ba8000-7f1f77ba9000 r--p 00007000 08:05 7344847                    /lib/x86_64-linux-gnu/libnss_compat-2.23.so
7f1f77ba9000-7f1f77baa000 rw-p 00008000 08:05 7344847                    /lib/x86_64-linux-gnu/libnss_compat-2.23.so
7f1f77baa000-7f1f78000000 r--p 00000000 08:05 7866064                    /usr/lib/locale/locale-archive
7f1f78000000-7f1f782fe000 rw-p 00000000 00:00 0 
7f1f782fe000-7f1f7c000000 ---p 00000000 00:00 0 
7f1f7c00a000-7f1f7c06a000 rw-p 00000000 00:00 0 
7f1f7c06a000-7f1f7c150000 ---p 00000000 00:00 0 
7f1f7c150000-7f1f7c15a000 r-xp 00000000 08:05 7884948                    /usr/lib/jvm/jdk-10.0.2/lib/libinstrument.so
7f1f7c15a000-7f1f7c359000 ---p 0000a000 08:05 7884948                    /usr/lib/jvm/jdk-10.0.2/lib/libinstrument.so
7f1f7c359000-7f1f7c35a000 rw-p 00009000 08:05 7884948                    /usr/lib/jvm/jdk-10.0.2/lib/libinstrument.so
7f1f7c35a000-7f1f7c395000 r-xp 00000000 08:05 7884970                    /usr/lib/jvm/jdk-10.0.2/lib/libjdwp.so
7f1f7c395000-7f1f7c594000 ---p 0003b000 08:05 7884970                    /usr/lib/jvm/jdk-10.0.2/lib/libjdwp.so
7f1f7c594000-7f1f7c596000 rw-p 0003a000 08:05 7884970                    /usr/lib/jvm/jdk-10.0.2/lib/libjdwp.so
7f1f7c596000-7f1f7c5c0000 r-xp 00000000 08:05 7878590                    /usr/lib/jvm/jdk-10.0.2/lib/libjava.so
7f1f7c5c0000-7f1f7c7c0000 ---p 0002a000 08:05 7878590                    /usr/lib/jvm/jdk-10.0.2/lib/libjava.so
7f1f7c7c0000-7f1f7c7c2000 rw-p 0002a000 08:05 7878590                    /usr/lib/jvm/jdk-10.0.2/lib/libjava.so
7f1f7c7c2000-7f1f7c7cf000 r-xp 00000000 08:05 7884942                    /usr/lib/jvm/jdk-10.0.2/lib/libverify.so
7f1f7c7cf000-7f1f7c9ce000 ---p 0000d000 08:05 7884942                    /usr/lib/jvm/jdk-10.0.2/lib/libverify.so
7f1f7c9ce000-7f1f7c9d0000 rw-p 0000c000 08:05 7884942                    /usr/lib/jvm/jdk-10.0.2/lib/libverify.so
7f1f7c9d0000-7f1f7c9d7000 r-xp 00000000 08:05 7344857                    /lib/x86_64-linux-gnu/librt-2.23.so
7f1f7c9d7000-7f1f7cbd6000 ---p 00007000 08:05 7344857                    /lib/x86_64-linux-gnu/librt-2.23.so
7f1f7cbd6000-7f1f7cbd7000 r--p 00006000 08:05 7344857                    /lib/x86_64-linux-gnu/librt-2.23.so
7f1f7cbd7000-7f1f7cbd8000 rw-p 00007000 08:05 7344857                    /lib/x86_64-linux-gnu/librt-2.23.so
7f1f7cbd8000-7f1f7cce0000 r-xp 00000000 08:05 7340058                    /lib/x86_64-linux-gnu/libm-2.23.so
7f1f7cce0000-7f1f7cedf000 ---p 00108000 08:05 7340058                    /lib/x86_64-linux-gnu/libm-2.23.so
7f1f7cedf000-7f1f7cee0000 r--p 00107000 08:05 7340058                    /lib/x86_64-linux-gnu/libm-2.23.so
7f1f7cee0000-7f1f7cee1000 rw-p 00108000 08:05 7340058                    /lib/x86_64-linux-gnu/libm-2.23.so
7f1f7cee1000-7f1f7dfcc000 r-xp 00000000 08:05 8004449                    /usr/lib/jvm/jdk-10.0.2/lib/server/libjvm.so
7f1f7dfcc000-7f1f7e1cb000 ---p 010eb000 08:05 8004449                    /usr/lib/jvm/jdk-10.0.2/lib/server/libjvm.so
7f1f7e1cb000-7f1f7e2ab000 r--p 010ea000 08:05 8004449                    /usr/lib/jvm/jdk-10.0.2/lib/server/libjvm.so
7f1f7e2ab000-7f1f7e2e5000 rw-p 011ca000 08:05 8004449                    /usr/lib/jvm/jdk-10.0.2/lib/server/libjvm.so
7f1f7e2e5000-7f1f7e34f000 rw-p 00000000 00:00 0 
7f1f7e34f000-7f1f7e50f000 r-xp 00000000 08:05 7344839                    /lib/x86_64-linux-gnu/libc-2.23.so
7f1f7e50f000-7f1f7e70f000 ---p 001c0000 08:05 7344839                    /lib/x86_64-linux-gnu/libc-2.23.so
7f1f7e70f000-7f1f7e713000 r--p 001c0000 08:05 7344839                    /lib/x86_64-linux-gnu/libc-2.23.so
7f1f7e713000-7f1f7e715000 rw-p 001c4000 08:05 7344839                    /lib/x86_64-linux-gnu/libc-2.23.so
7f1f7e715000-7f1f7e719000 rw-p 00000000 00:00 0 
7f1f7e719000-7f1f7e71c000 r-xp 00000000 08:05 7344841                    /lib/x86_64-linux-gnu/libdl-2.23.so
7f1f7e71c000-7f1f7e91b000 ---p 00003000 08:05 7344841                    /lib/x86_64-linux-gnu/libdl-2.23.so
7f1f7e91b000-7f1f7e91c000 r--p 00002000 08:05 7344841                    /lib/x86_64-linux-gnu/libdl-2.23.so
7f1f7e91c000-7f1f7e91d000 rw-p 00003000 08:05 7344841                    /lib/x86_64-linux-gnu/libdl-2.23.so
7f1f7e91d000-7f1f7e92b000 r-xp 00000000 08:05 7884964                    /usr/lib/jvm/jdk-10.0.2/lib/jli/libjli.so
7f1f7e92b000-7f1f7eb2b000 ---p 0000e000 08:05 7884964                    /usr/lib/jvm/jdk-10.0.2/lib/jli/libjli.so
7f1f7eb2b000-7f1f7eb2c000 rw-p 0000e000 08:05 7884964                    /usr/lib/jvm/jdk-10.0.2/lib/jli/libjli.so
7f1f7eb2c000-7f1f7eb44000 r-xp 00000000 08:05 7344660                    /lib/x86_64-linux-gnu/libpthread-2.23.so
7f1f7eb44000-7f1f7ed43000 ---p 00018000 08:05 7344660                    /lib/x86_64-linux-gnu/libpthread-2.23.so
7f1f7ed43000-7f1f7ed44000 r--p 00017000 08:05 7344660                    /lib/x86_64-linux-gnu/libpthread-2.23.so
7f1f7ed44000-7f1f7ed45000 rw-p 00018000 08:05 7344660                    /lib/x86_64-linux-gnu/libpthread-2.23.so
7f1f7ed45000-7f1f7ed49000 rw-p 00000000 00:00 0 
7f1f7ed49000-7f1f7ed62000 r-xp 00000000 08:05 7344729                    /lib/x86_64-linux-gnu/libz.so.1.2.8
7f1f7ed62000-7f1f7ef61000 ---p 00019000 08:05 7344729                    /lib/x86_64-linux-gnu/libz.so.1.2.8
7f1f7ef61000-7f1f7ef62000 r--p 00018000 08:05 7344729                    /lib/x86_64-linux-gnu/libz.so.1.2.8
7f1f7ef62000-7f1f7ef63000 rw-p 00019000 08:05 7344729                    /lib/x86_64-linux-gnu/libz.so.1.2.8
7f1f7ef63000-7f1f7ef89000 r-xp 00000000 08:05 7344659                    /lib/x86_64-linux-gnu/ld-2.23.so
7f1f7efa0000-7f1f7efa7000 r--s 00000000 08:05 8262794                    /usr/lib/x86_64-linux-gnu/gconv/gconv-modules.cache
7f1f7efa7000-7f1f7f064000 rw-p 00000000 00:00 0 
7f1f7f064000-7f1f7f068000 ---p 00000000 00:00 0 
7f1f7f068000-7f1f7f16a000 rw-p 00000000 00:00 0 
7f1f7f16f000-7f1f7f175000 rw-p 00000000 00:00 0 
7f1f7f175000-7f1f7f17c000 ---p 00000000 00:00 0 
7f1f7f17c000-7f1f7f17e000 r--s 00001000 08:05 527467                     /home/louis/idea-IU-182.4129.33/lib/rt/debugger-agent-storage.jar
7f1f7f17e000-7f1f7f186000 rw-s 00000000 08:05 6030806                    /tmp/hsperfdata_louis/6372
7f1f7f186000-7f1f7f187000 ---p 00000000 00:00 0 
7f1f7f187000-7f1f7f188000 r--p 00000000 00:00 0 
7f1f7f188000-7f1f7f189000 r--p 00025000 08:05 7344659                    /lib/x86_64-linux-gnu/ld-2.23.so
7f1f7f189000-7f1f7f18a000 rw-p 00026000 08:05 7344659                    /lib/x86_64-linux-gnu/ld-2.23.so
7f1f7f18a000-7f1f7f18b000 rw-p 00000000 00:00 0 
7ffe1e336000-7ffe1e358000 rw-p 00000000 00:00 0                          [stack]
7ffe1e3dd000-7ffe1e3e0000 r--p 00000000 00:00 0                          [vvar]
7ffe1e3e0000-7ffe1e3e2000 r-xp 00000000 00:00 0                          [vdso]
ffffffffff600000-ffffffffff601000 r-xp 00000000 00:00 0                  [vsyscall]


VM Arguments:
jvm_args: -agentlib:jdwp=transport=dt_socket,address=127.0.0.1:44979,suspend=y,server=n -javaagent:/home/louis/idea-IU-182.4129.33/lib/rt/debugger-agent.jar=file:/tmp/capture.props -Dfile.encoding=UTF-8 
java_command: chess.Main
java_class_path (initial): /home/louis/IdeaProjects/chessPlusPlus/out/production/chessPlusPlus:/home/louis/idea-IU-182.4129.33/lib/idea_rt.jar
Launcher Type: SUN_STANDARD

Logging:
Log output configuration:
#0: stdout all=warning uptime,level,tags
#1: stderr all=off uptime,level,tags

Environment Variables:
JAVA_HOME=/usr/lib/jvm/jdk-10.0.2
PATH=/home/louis/.rvm/gems/ruby-2.4.1/bin:/home/louis/.rvm/gems/ruby-2.4.1@global/bin:/home/louis/.rvm/rubies/ruby-2.4.1/bin:/home/louis/bin:/home/louis/.local/bin:/usr/local/sbin:/usr/local/bin:/usr/sbin:/usr/bin:/sbin:/bin:/usr/games:/usr/local/games:/home/louis/.rvm/bin:/home/louis/.rvm/bin:/home/louis/bin:/usr/lib/jvm/jdk-10.0.2/bin
SHELL=/bin/bash
DISPLAY=:0

Signal Handlers:
SIGSEGV: [libjvm.so+0xdf6210], sa_mask[0]=11111111011111111101111111111110, sa_flags=SA_RESTART|SA_SIGINFO
SIGBUS: [libjvm.so+0xdf6210], sa_mask[0]=11111111011111111101111111111110, sa_flags=SA_RESTART|SA_SIGINFO
SIGFPE: [libjvm.so+0xdf6210], sa_mask[0]=11111111011111111101111111111110, sa_flags=SA_RESTART|SA_SIGINFO
SIGPIPE: [libjvm.so+0xbfbe70], sa_mask[0]=11111111011111111101111111111110, sa_flags=SA_RESTART|SA_SIGINFO
SIGXFSZ: [libjvm.so+0xbfbe70], sa_mask[0]=11111111011111111101111111111110, sa_flags=SA_RESTART|SA_SIGINFO
SIGILL: [libjvm.so+0xdf6210], sa_mask[0]=11111111011111111101111111111110, sa_flags=SA_RESTART|SA_SIGINFO
SIGUSR2: [libjvm.so+0xbfc200], sa_mask[0]=00100000000000000000000000000000, sa_flags=SA_RESTART|SA_SIGINFO
SIGHUP: [libjvm.so+0xbfc190], sa_mask[0]=11111111011111111101111111111110, sa_flags=SA_RESTART|SA_SIGINFO
SIGINT: [libjvm.so+0xbfc190], sa_mask[0]=11111111011111111101111111111110, sa_flags=SA_RESTART|SA_SIGINFO
SIGTERM: [libjvm.so+0xbfc190], sa_mask[0]=11111111011111111101111111111110, sa_flags=SA_RESTART|SA_SIGINFO
SIGQUIT: [libjvm.so+0xbfc190], sa_mask[0]=11111111011111111101111111111110, sa_flags=SA_RESTART|SA_SIGINFO


---------------  S Y S T E M  ---------------

OS:DISTRIB_ID=LinuxMint
DISTRIB_RELEASE=18.3
DISTRIB_CODENAME=sylvia
DISTRIB_DESCRIPTION="Linux Mint 18.3 Sylvia"
uname:Linux 4.15.0-34-generic #37~16.04.1-Ubuntu SMP Tue Aug 28 10:44:06 UTC 2018 x86_64
libc:glibc 2.23 NPTL 2.23 
rlimit: STACK 8192k, CORE 0k, NPROC 31239, NOFILE 1048576, AS infinity, DATA infinity, FSIZE infinity
load average:1,82 1,68 1,61

/proc/meminfo:
MemTotal:        8059360 kB
MemFree:          367916 kB
MemAvailable:    2175140 kB
Buffers:          172260 kB
Cached:          2050496 kB
SwapCached:            0 kB
Active:          6230556 kB
Inactive:        1094324 kB
Active(anon):    5035620 kB
Inactive(anon):   316816 kB
Active(file):    1194936 kB
Inactive(file):   777508 kB
Unevictable:          88 kB
Mlocked:              88 kB
SwapTotal:       8276988 kB
SwapFree:        8276988 kB
Dirty:             16176 kB
Writeback:             0 kB
AnonPages:       5102152 kB
Mapped:           451328 kB
Shmem:            250316 kB
Slab:             176164 kB
SReclaimable:     118972 kB
SUnreclaim:        57192 kB
KernelStack:       16936 kB
PageTables:        76388 kB
NFS_Unstable:          0 kB
Bounce:                0 kB
WritebackTmp:          0 kB
CommitLimit:    12306668 kB
Committed_AS:   13129620 kB
VmallocTotal:   34359738367 kB
VmallocUsed:           0 kB
VmallocChunk:          0 kB
HardwareCorrupted:     0 kB
AnonHugePages:         0 kB
ShmemHugePages:        0 kB
ShmemPmdMapped:        0 kB
CmaTotal:              0 kB
CmaFree:               0 kB
HugePages_Total:       0
HugePages_Free:        0
HugePages_Rsvd:        0
HugePages_Surp:        0
Hugepagesize:       2048 kB
DirectMap4k:      251292 kB
DirectMap2M:     6979584 kB
DirectMap1G:     1048576 kB

container (cgroup) information:
container_type: cgroupv1
cpu_cpuset_cpus: 0-3
cpu_memory_nodes: 0
active_processor_count: 4
cpu_quota: -1
cpu_period: 100000
cpu_shares: -1
memory_limit_in_bytes: -1
memory_and_swap_limit_in_bytes: -2
memory_soft_limit_in_bytes: -1
memory_usage_in_bytes: 7501283328
memory_max_usage_in_bytes: 0


CPU:total 4 (initial active 4) (2 cores per cpu, 2 threads per core) family 6 model 78 stepping 3, cmov, cx8, fxsr, mmx, sse, sse2, sse3, ssse3, sse4.1, sse4.2, popcnt, avx, avx2, aes, clmul, erms, 3dnowpref, lzcnt, ht, tsc, tscinvbit, bmi1, bmi2, adx, fma
CPU Model and flags from /proc/cpuinfo:
model name	: Intel(R) Core(TM) i5-6200U CPU @ 2.30GHz
flags		: fpu vme de pse tsc msr pae mce cx8 apic sep mtrr pge mca cmov pat pse36 clflush dts acpi mmx fxsr sse sse2 ss ht tm pbe syscall nx pdpe1gb rdtscp lm constant_tsc art arch_perfmon pebs bts rep_good nopl xtopology nonstop_tsc cpuid aperfmperf tsc_known_freq pni pclmulqdq dtes64 monitor ds_cpl vmx est tm2 ssse3 sdbg fma cx16 xtpr pdcm pcid sse4_1 sse4_2 x2apic movbe popcnt tsc_deadline_timer aes xsave avx f16c rdrand lahf_lm abm 3dnowprefetch cpuid_fault epb invpcid_single pti ssbd ibrs ibpb stibp tpr_shadow vnmi flexpriority ept vpid fsgsbase tsc_adjust bmi1 avx2 smep bmi2 erms invpcid mpx rdseed adx smap clflushopt intel_pt xsaveopt xsavec xgetbv1 xsaves dtherm ida arat pln pts hwp hwp_notify hwp_act_window hwp_epp flush_l1d

Memory: 4k page, physical 8059360k(367792k free), swap 8276988k(8276988k free)

vm_info: Java HotSpot(TM) 64-Bit Server VM (10.0.2+13) for linux-amd64 JRE (10.0.2+13), built on Jun 27 2018 17:51:35 by "mach5one" with gcc 4.9.2

END.
